2017/04/24 14:13:19 INFO  - jmeter.util.JMeterUtils: Setting Locale to en_US 
2017/04/24 14:13:19 INFO  - jmeter.JMeter: Loading user properties from: /Users/hyan/open/apache-jmeter-2.13/bin/user.properties 
2017/04/24 14:13:19 INFO  - jmeter.JMeter: Loading system properties from: /Users/hyan/open/apache-jmeter-2.13/bin/system.properties 
2017/04/24 14:13:19 INFO  - jmeter.JMeter: Copyright (c) 1998-2015 The Apache Software Foundation 
2017/04/24 14:13:19 INFO  - jmeter.JMeter: Version 2.13 r1665067 
2017/04/24 14:13:19 INFO  - jmeter.JMeter: java.version=1.8.0_121 
2017/04/24 14:13:19 INFO  - jmeter.JMeter: java.vm.name=Java HotSpot(TM) 64-Bit Server VM 
2017/04/24 14:13:19 INFO  - jmeter.JMeter: os.name=Mac OS X 
2017/04/24 14:13:19 INFO  - jmeter.JMeter: os.arch=x86_64 
2017/04/24 14:13:19 INFO  - jmeter.JMeter: os.version=10.12.4 
2017/04/24 14:13:19 INFO  - jmeter.JMeter: file.encoding=UTF-8 
2017/04/24 14:13:19 INFO  - jmeter.JMeter: Default Locale=English (United States) 
2017/04/24 14:13:19 INFO  - jmeter.JMeter: JMeter  Locale=English (United States) 
2017/04/24 14:13:19 INFO  - jmeter.JMeter: JMeterHome=/Users/hyan/open/apache-jmeter-2.13 
2017/04/24 14:13:19 INFO  - jmeter.JMeter: user.dir  =/Users/hyan/code/codepath/TwitterRedux 
2017/04/24 14:13:19 INFO  - jmeter.JMeter: PWD       =/Users/hyan/code/codepath/TwitterRedux 
2017/04/24 14:13:19 INFO  - jmeter.JMeter: IP: 172.21.16.7 Name: MTVL149ca7e2f.local FullName: 172.21.16.7 
2017/04/24 14:13:19 DEBUG - jmeter.JMeter: ClassPath 
2017/04/24 14:13:19 DEBUG - jmeter.JMeter: /Users/hyan/open/apache-jmeter-2.13/bin/ApacheJMeter.jar 
2017/04/24 14:13:19 DEBUG - jmeter.JMeter: /Users/hyan/open/apache-jmeter-2.13/lib/avalon-framework-4.1.4.jar 
2017/04/24 14:13:19 DEBUG - jmeter.JMeter: /Users/hyan/open/apache-jmeter-2.13/lib/bsf-2.4.0.jar 
2017/04/24 14:13:19 DEBUG - jmeter.JMeter: /Users/hyan/open/apache-jmeter-2.13/lib/bsh-2.0b5.jar 
2017/04/24 14:13:19 DEBUG - jmeter.JMeter: /Users/hyan/open/apache-jmeter-2.13/lib/bshclient.jar 
2017/04/24 14:13:19 DEBUG - jmeter.JMeter: /Users/hyan/open/apache-jmeter-2.13/lib/commons-codec-1.10.jar 
2017/04/24 14:13:19 DEBUG - jmeter.JMeter: /Users/hyan/open/apache-jmeter-2.13/lib/commons-collections-3.2.1.jar 
2017/04/24 14:13:19 DEBUG - jmeter.JMeter: /Users/hyan/open/apache-jmeter-2.13/lib/commons-httpclient-3.1.jar 
2017/04/24 14:13:19 DEBUG - jmeter.JMeter: /Users/hyan/open/apache-jmeter-2.13/lib/commons-io-2.4.jar 
2017/04/24 14:13:19 DEBUG - jmeter.JMeter: /Users/hyan/open/apache-jmeter-2.13/lib/commons-jexl-1.1.jar 
2017/04/24 14:13:19 DEBUG - jmeter.JMeter: /Users/hyan/open/apache-jmeter-2.13/lib/commons-jexl-2.1.1.jar 
2017/04/24 14:13:19 DEBUG - jmeter.JMeter: /Users/hyan/open/apache-jmeter-2.13/lib/commons-lang3-3.3.2.jar 
2017/04/24 14:13:19 DEBUG - jmeter.JMeter: /Users/hyan/open/apache-jmeter-2.13/lib/commons-logging-1.2.jar 
2017/04/24 14:13:19 DEBUG - jmeter.JMeter: /Users/hyan/open/apache-jmeter-2.13/lib/commons-math3-3.4.1.jar 
2017/04/24 14:13:19 DEBUG - jmeter.JMeter: /Users/hyan/open/apache-jmeter-2.13/lib/commons-net-3.3.jar 
2017/04/24 14:13:19 DEBUG - jmeter.JMeter: /Users/hyan/open/apache-jmeter-2.13/lib/commons-pool2-2.3.jar 
2017/04/24 14:13:19 DEBUG - jmeter.JMeter: /Users/hyan/open/apache-jmeter-2.13/lib/dnsjava-2.1.7.jar 
2017/04/24 14:13:19 DEBUG - jmeter.JMeter: /Users/hyan/open/apache-jmeter-2.13/lib/excalibur-datasource-2.1.jar 
2017/04/24 14:13:19 DEBUG - jmeter.JMeter: /Users/hyan/open/apache-jmeter-2.13/lib/excalibur-instrument-1.0.jar 
2017/04/24 14:13:19 DEBUG - jmeter.JMeter: /Users/hyan/open/apache-jmeter-2.13/lib/excalibur-logger-1.1.jar 
2017/04/24 14:13:19 DEBUG - jmeter.JMeter: /Users/hyan/open/apache-jmeter-2.13/lib/excalibur-pool-api-2.1.jar 
2017/04/24 14:13:19 DEBUG - jmeter.JMeter: /Users/hyan/open/apache-jmeter-2.13/lib/excalibur-pool-impl-2.1.jar 
2017/04/24 14:13:19 DEBUG - jmeter.JMeter: /Users/hyan/open/apache-jmeter-2.13/lib/excalibur-pool-instrumented-2.1.jar 
2017/04/24 14:13:19 DEBUG - jmeter.JMeter: /Users/hyan/open/apache-jmeter-2.13/lib/geronimo-jms_1.1_spec-1.1.1.jar 
2017/04/24 14:13:19 DEBUG - jmeter.JMeter: /Users/hyan/open/apache-jmeter-2.13/lib/htmllexer-2.1.jar 
2017/04/24 14:13:19 DEBUG - jmeter.JMeter: /Users/hyan/open/apache-jmeter-2.13/lib/htmlparser-2.1.jar 
2017/04/24 14:13:19 DEBUG - jmeter.JMeter: /Users/hyan/open/apache-jmeter-2.13/lib/httpclient-4.2.6.jar 
2017/04/24 14:13:19 DEBUG - jmeter.JMeter: /Users/hyan/open/apache-jmeter-2.13/lib/httpcore-4.2.5.jar 
2017/04/24 14:13:19 DEBUG - jmeter.JMeter: /Users/hyan/open/apache-jmeter-2.13/lib/httpmime-4.2.6.jar 
2017/04/24 14:13:19 DEBUG - jmeter.JMeter: /Users/hyan/open/apache-jmeter-2.13/lib/jcharts-0.7.5.jar 
2017/04/24 14:13:19 DEBUG - jmeter.JMeter: /Users/hyan/open/apache-jmeter-2.13/lib/jdom-1.1.3.jar 
2017/04/24 14:13:19 DEBUG - jmeter.JMeter: /Users/hyan/open/apache-jmeter-2.13/lib/jodd-core-3.6.4.jar 
2017/04/24 14:13:19 DEBUG - jmeter.JMeter: /Users/hyan/open/apache-jmeter-2.13/lib/jodd-lagarto-3.6.4.jar 
2017/04/24 14:13:19 DEBUG - jmeter.JMeter: /Users/hyan/open/apache-jmeter-2.13/lib/jodd-log-3.6.4.jar 
2017/04/24 14:13:19 DEBUG - jmeter.JMeter: /Users/hyan/open/apache-jmeter-2.13/lib/jorphan.jar 
2017/04/24 14:13:19 DEBUG - jmeter.JMeter: /Users/hyan/open/apache-jmeter-2.13/lib/jsoup-1.8.1.jar 
2017/04/24 14:13:19 DEBUG - jmeter.JMeter: /Users/hyan/open/apache-jmeter-2.13/lib/jtidy-r938.jar 
2017/04/24 14:13:19 DEBUG - jmeter.JMeter: /Users/hyan/open/apache-jmeter-2.13/lib/junit-4.12.jar 
2017/04/24 14:13:19 DEBUG - jmeter.JMeter: /Users/hyan/open/apache-jmeter-2.13/lib/logkit-2.0.jar 
2017/04/24 14:13:19 DEBUG - jmeter.JMeter: /Users/hyan/open/apache-jmeter-2.13/lib/mail-1.5.0-b01.jar 
2017/04/24 14:13:19 DEBUG - jmeter.JMeter: /Users/hyan/open/apache-jmeter-2.13/lib/mongo-java-driver-2.11.3.jar 
2017/04/24 14:13:19 DEBUG - jmeter.JMeter: /Users/hyan/open/apache-jmeter-2.13/lib/oro-2.0.8.jar 
2017/04/24 14:13:19 DEBUG - jmeter.JMeter: /Users/hyan/open/apache-jmeter-2.13/lib/rhino-1.7R5.jar 
2017/04/24 14:13:19 DEBUG - jmeter.JMeter: /Users/hyan/open/apache-jmeter-2.13/lib/rsyntaxtextarea-2.5.6.jar 
2017/04/24 14:13:19 DEBUG - jmeter.JMeter: /Users/hyan/open/apache-jmeter-2.13/lib/serializer-2.7.2.jar 
2017/04/24 14:13:19 DEBUG - jmeter.JMeter: /Users/hyan/open/apache-jmeter-2.13/lib/slf4j-api-1.7.10.jar 
2017/04/24 14:13:19 DEBUG - jmeter.JMeter: /Users/hyan/open/apache-jmeter-2.13/lib/slf4j-nop-1.7.10.jar 
2017/04/24 14:13:19 DEBUG - jmeter.JMeter: /Users/hyan/open/apache-jmeter-2.13/lib/soap-2.3.1.jar 
2017/04/24 14:13:19 DEBUG - jmeter.JMeter: /Users/hyan/open/apache-jmeter-2.13/lib/tika-core-1.7.jar 
2017/04/24 14:13:19 DEBUG - jmeter.JMeter: /Users/hyan/open/apache-jmeter-2.13/lib/tika-parsers-1.7.jar 
2017/04/24 14:13:19 DEBUG - jmeter.JMeter: /Users/hyan/open/apache-jmeter-2.13/lib/xalan-2.7.2.jar 
2017/04/24 14:13:19 DEBUG - jmeter.JMeter: /Users/hyan/open/apache-jmeter-2.13/lib/xercesImpl-2.11.0.jar 
2017/04/24 14:13:19 DEBUG - jmeter.JMeter: /Users/hyan/open/apache-jmeter-2.13/lib/xml-apis-1.4.01.jar 
2017/04/24 14:13:19 DEBUG - jmeter.JMeter: /Users/hyan/open/apache-jmeter-2.13/lib/xmlgraphics-commons-1.5.jar 
2017/04/24 14:13:19 DEBUG - jmeter.JMeter: /Users/hyan/open/apache-jmeter-2.13/lib/xmlpull-1.1.3.1.jar 
2017/04/24 14:13:19 DEBUG - jmeter.JMeter: /Users/hyan/open/apache-jmeter-2.13/lib/xpp3_min-1.1.4c.jar 
2017/04/24 14:13:19 DEBUG - jmeter.JMeter: /Users/hyan/open/apache-jmeter-2.13/lib/xstream-1.4.8.jar 
2017/04/24 14:13:19 DEBUG - jmeter.JMeter: /Users/hyan/open/apache-jmeter-2.13/lib/ext/ApacheJMeter_components.jar 
2017/04/24 14:13:19 DEBUG - jmeter.JMeter: /Users/hyan/open/apache-jmeter-2.13/lib/ext/ApacheJMeter_core.jar 
2017/04/24 14:13:19 DEBUG - jmeter.JMeter: /Users/hyan/open/apache-jmeter-2.13/lib/ext/ApacheJMeter_ftp.jar 
2017/04/24 14:13:19 DEBUG - jmeter.JMeter: /Users/hyan/open/apache-jmeter-2.13/lib/ext/ApacheJMeter_functions.jar 
2017/04/24 14:13:19 DEBUG - jmeter.JMeter: /Users/hyan/open/apache-jmeter-2.13/lib/ext/ApacheJMeter_http.jar 
2017/04/24 14:13:19 DEBUG - jmeter.JMeter: /Users/hyan/open/apache-jmeter-2.13/lib/ext/ApacheJMeter_java.jar 
2017/04/24 14:13:19 DEBUG - jmeter.JMeter: /Users/hyan/open/apache-jmeter-2.13/lib/ext/ApacheJMeter_jdbc.jar 
2017/04/24 14:13:19 DEBUG - jmeter.JMeter: /Users/hyan/open/apache-jmeter-2.13/lib/ext/ApacheJMeter_jms.jar 
2017/04/24 14:13:19 DEBUG - jmeter.JMeter: /Users/hyan/open/apache-jmeter-2.13/lib/ext/ApacheJMeter_junit.jar 
2017/04/24 14:13:19 DEBUG - jmeter.JMeter: /Users/hyan/open/apache-jmeter-2.13/lib/ext/ApacheJMeter_ldap.jar 
2017/04/24 14:13:19 DEBUG - jmeter.JMeter: /Users/hyan/open/apache-jmeter-2.13/lib/ext/ApacheJMeter_mail.jar 
2017/04/24 14:13:19 DEBUG - jmeter.JMeter: /Users/hyan/open/apache-jmeter-2.13/lib/ext/ApacheJMeter_mongodb.jar 
2017/04/24 14:13:19 DEBUG - jmeter.JMeter: /Users/hyan/open/apache-jmeter-2.13/lib/ext/ApacheJMeter_monitors.jar 
2017/04/24 14:13:19 DEBUG - jmeter.JMeter: /Users/hyan/open/apache-jmeter-2.13/lib/ext/ApacheJMeter_native.jar 
2017/04/24 14:13:19 DEBUG - jmeter.JMeter: /Users/hyan/open/apache-jmeter-2.13/lib/ext/ApacheJMeter_tcp.jar 
2017/04/24 14:13:19 DEBUG - jmeter.JMeter: /Users/hyan/open/apache-jmeter-2.13/lib/ext/JMeterPlugins-Extras.jar 
2017/04/24 14:13:19 DEBUG - jmeter.JMeter: /Users/hyan/open/apache-jmeter-2.13/lib/ext/JMeterPlugins-ExtrasLibs.jar 
2017/04/24 14:13:19 DEBUG - jmeter.JMeter: /Users/hyan/open/apache-jmeter-2.13/lib/ext/JMeterPlugins-Standard.jar 
2017/04/24 14:13:19 DEBUG - jmeter.JMeter: /Users/hyan/open/apache-jmeter-2.13/lib/junit/test.jar 
2017/04/24 14:13:19 DEBUG - jmeter.JMeter: /Users/hyan/open/apache-jmeter-2.13/bin/ApacheJMeter.jar:/Users/hyan/open/apache-jmeter-2.13/lib/avalon-framework-4.1.4.jar:/Users/hyan/open/apache-jmeter-2.13/lib/bsf-2.4.0.jar:/Users/hyan/open/apache-jmeter-2.13/lib/bsh-2.0b5.jar:/Users/hyan/open/apache-jmeter-2.13/lib/bshclient.jar:/Users/hyan/open/apache-jmeter-2.13/lib/commons-codec-1.10.jar:/Users/hyan/open/apache-jmeter-2.13/lib/commons-collections-3.2.1.jar:/Users/hyan/open/apache-jmeter-2.13/lib/commons-httpclient-3.1.jar:/Users/hyan/open/apache-jmeter-2.13/lib/commons-io-2.4.jar:/Users/hyan/open/apache-jmeter-2.13/lib/commons-jexl-1.1.jar:/Users/hyan/open/apache-jmeter-2.13/lib/commons-jexl-2.1.1.jar:/Users/hyan/open/apache-jmeter-2.13/lib/commons-lang3-3.3.2.jar:/Users/hyan/open/apache-jmeter-2.13/lib/commons-logging-1.2.jar:/Users/hyan/open/apache-jmeter-2.13/lib/commons-math3-3.4.1.jar:/Users/hyan/open/apache-jmeter-2.13/lib/commons-net-3.3.jar:/Users/hyan/open/apache-jmeter-2.13/lib/commons-pool2-2.3.jar:/Users/hyan/open/apache-jmeter-2.13/lib/dnsjava-2.1.7.jar:/Users/hyan/open/apache-jmeter-2.13/lib/excalibur-datasource-2.1.jar:/Users/hyan/open/apache-jmeter-2.13/lib/excalibur-instrument-1.0.jar:/Users/hyan/open/apache-jmeter-2.13/lib/excalibur-logger-1.1.jar:/Users/hyan/open/apache-jmeter-2.13/lib/excalibur-pool-api-2.1.jar:/Users/hyan/open/apache-jmeter-2.13/lib/excalibur-pool-impl-2.1.jar:/Users/hyan/open/apache-jmeter-2.13/lib/excalibur-pool-instrumented-2.1.jar:/Users/hyan/open/apache-jmeter-2.13/lib/geronimo-jms_1.1_spec-1.1.1.jar:/Users/hyan/open/apache-jmeter-2.13/lib/htmllexer-2.1.jar:/Users/hyan/open/apache-jmeter-2.13/lib/htmlparser-2.1.jar:/Users/hyan/open/apache-jmeter-2.13/lib/httpclient-4.2.6.jar:/Users/hyan/open/apache-jmeter-2.13/lib/httpcore-4.2.5.jar:/Users/hyan/open/apache-jmeter-2.13/lib/httpmime-4.2.6.jar:/Users/hyan/open/apache-jmeter-2.13/lib/jcharts-0.7.5.jar:/Users/hyan/open/apache-jmeter-2.13/lib/jdom-1.1.3.jar:/Users/hyan/open/apache-jmeter-2.13/lib/jodd-core-3.6.4.jar:/Users/hyan/open/apache-jmeter-2.13/lib/jodd-lagarto-3.6.4.jar:/Users/hyan/open/apache-jmeter-2.13/lib/jodd-log-3.6.4.jar:/Users/hyan/open/apache-jmeter-2.13/lib/jorphan.jar:/Users/hyan/open/apache-jmeter-2.13/lib/jsoup-1.8.1.jar:/Users/hyan/open/apache-jmeter-2.13/lib/jtidy-r938.jar:/Users/hyan/open/apache-jmeter-2.13/lib/junit-4.12.jar:/Users/hyan/open/apache-jmeter-2.13/lib/logkit-2.0.jar:/Users/hyan/open/apache-jmeter-2.13/lib/mail-1.5.0-b01.jar:/Users/hyan/open/apache-jmeter-2.13/lib/mongo-java-driver-2.11.3.jar:/Users/hyan/open/apache-jmeter-2.13/lib/oro-2.0.8.jar:/Users/hyan/open/apache-jmeter-2.13/lib/rhino-1.7R5.jar:/Users/hyan/open/apache-jmeter-2.13/lib/rsyntaxtextarea-2.5.6.jar:/Users/hyan/open/apache-jmeter-2.13/lib/serializer-2.7.2.jar:/Users/hyan/open/apache-jmeter-2.13/lib/slf4j-api-1.7.10.jar:/Users/hyan/open/apache-jmeter-2.13/lib/slf4j-nop-1.7.10.jar:/Users/hyan/open/apache-jmeter-2.13/lib/soap-2.3.1.jar:/Users/hyan/open/apache-jmeter-2.13/lib/tika-core-1.7.jar:/Users/hyan/open/apache-jmeter-2.13/lib/tika-parsers-1.7.jar:/Users/hyan/open/apache-jmeter-2.13/lib/xalan-2.7.2.jar:/Users/hyan/open/apache-jmeter-2.13/lib/xercesImpl-2.11.0.jar:/Users/hyan/open/apache-jmeter-2.13/lib/xml-apis-1.4.01.jar:/Users/hyan/open/apache-jmeter-2.13/lib/xmlgraphics-commons-1.5.jar:/Users/hyan/open/apache-jmeter-2.13/lib/xmlpull-1.1.3.1.jar:/Users/hyan/open/apache-jmeter-2.13/lib/xpp3_min-1.1.4c.jar:/Users/hyan/open/apache-jmeter-2.13/lib/xstream-1.4.8.jar:/Users/hyan/open/apache-jmeter-2.13/lib/ext/ApacheJMeter_components.jar:/Users/hyan/open/apache-jmeter-2.13/lib/ext/ApacheJMeter_core.jar:/Users/hyan/open/apache-jmeter-2.13/lib/ext/ApacheJMeter_ftp.jar:/Users/hyan/open/apache-jmeter-2.13/lib/ext/ApacheJMeter_functions.jar:/Users/hyan/open/apache-jmeter-2.13/lib/ext/ApacheJMeter_http.jar:/Users/hyan/open/apache-jmeter-2.13/lib/ext/ApacheJMeter_java.jar:/Users/hyan/open/apache-jmeter-2.13/lib/ext/ApacheJMeter_jdbc.jar:/Users/hyan/open/apache-jmeter-2.13/lib/ext/ApacheJMeter_jms.jar:/Users/hyan/open/apache-jmeter-2.13/lib/ext/ApacheJMeter_junit.jar:/Users/hyan/open/apache-jmeter-2.13/lib/ext/ApacheJMeter_ldap.jar:/Users/hyan/open/apache-jmeter-2.13/lib/ext/ApacheJMeter_mail.jar:/Users/hyan/open/apache-jmeter-2.13/lib/ext/ApacheJMeter_mongodb.jar:/Users/hyan/open/apache-jmeter-2.13/lib/ext/ApacheJMeter_monitors.jar:/Users/hyan/open/apache-jmeter-2.13/lib/ext/ApacheJMeter_native.jar:/Users/hyan/open/apache-jmeter-2.13/lib/ext/ApacheJMeter_tcp.jar:/Users/hyan/open/apache-jmeter-2.13/lib/ext/JMeterPlugins-Extras.jar:/Users/hyan/open/apache-jmeter-2.13/lib/ext/JMeterPlugins-ExtrasLibs.jar:/Users/hyan/open/apache-jmeter-2.13/lib/ext/JMeterPlugins-Standard.jar:/Users/hyan/open/apache-jmeter-2.13/lib/junit/test.jar 
2017/04/24 14:13:20 INFO  - jmeter.gui.action.LookAndFeelCommand: Using look and feel: com.apple.laf.AquaLookAndFeel [Mac OS X, System] 
2017/04/24 14:13:20 INFO  - jmeter.JMeter: Loaded icon properties from org/apache/jmeter/images/icon.properties 
2017/04/24 14:13:21 DEBUG - jmeter.gui.AbstractJMeterGuiComponent: setting element to enabled: true 
2017/04/24 14:13:21 DEBUG - jmeter.gui.AbstractJMeterGuiComponent: setting element to enabled: true 
2017/04/24 14:13:21 DEBUG - jmeter.gui.AbstractJMeterGuiComponent: setting element to enabled: true 
2017/04/24 14:13:22 INFO  - jmeter.engine.util.CompoundVariable: Note: Function class names must contain the string: '.functions.' 
2017/04/24 14:13:22 INFO  - jmeter.engine.util.CompoundVariable: Note: Function class names must not contain the string: '.gui.' 
2017/04/24 14:13:22 DEBUG - jmeter.functions.StringFromFile: ++++++++ Construct org.apache.jmeter.functions.StringFromFile@10289886 
2017/04/24 14:13:22 DEBUG - jmeter.engine.util.CompoundVariable: Function count: 55 
2017/04/24 14:13:22 DEBUG - jmeter.gui.UndoHistory: undo.history.size is set to 0, undo/redo feature is disabled 
2017/04/24 14:13:22 DEBUG - jmeter.gui.util.JMeterToolBar: Toolbar icon key: new 
2017/04/24 14:13:22 DEBUG - jmeter.gui.util.JMeterToolBar: Toolbar icon key: templates 
2017/04/24 14:13:22 DEBUG - jmeter.gui.util.JMeterToolBar: Toolbar icon key: open 
2017/04/24 14:13:22 DEBUG - jmeter.gui.util.JMeterToolBar: Toolbar icon key: close 
2017/04/24 14:13:22 DEBUG - jmeter.gui.util.JMeterToolBar: Toolbar icon key: save 
2017/04/24 14:13:22 DEBUG - jmeter.gui.util.JMeterToolBar: Toolbar icon key: save_as_testplan 
2017/04/24 14:13:22 DEBUG - jmeter.gui.util.JMeterToolBar: Toolbar icon key: | 
2017/04/24 14:13:22 DEBUG - jmeter.gui.util.JMeterToolBar: Toolbar icon key: undo 
2017/04/24 14:13:22 DEBUG - jmeter.gui.util.JMeterToolBar: Toolbar icon key: redo 
2017/04/24 14:13:22 DEBUG - jmeter.gui.util.JMeterToolBar: Toolbar icon key: cut 
2017/04/24 14:13:22 DEBUG - jmeter.gui.util.JMeterToolBar: Toolbar icon key: copy 
2017/04/24 14:13:22 DEBUG - jmeter.gui.util.JMeterToolBar: Toolbar icon key: paste 
2017/04/24 14:13:22 DEBUG - jmeter.gui.util.JMeterToolBar: Toolbar icon key: | 
2017/04/24 14:13:22 DEBUG - jmeter.gui.util.JMeterToolBar: Toolbar icon key: expand 
2017/04/24 14:13:22 DEBUG - jmeter.gui.util.JMeterToolBar: Toolbar icon key: collapse 
2017/04/24 14:13:22 DEBUG - jmeter.gui.util.JMeterToolBar: Toolbar icon key: toggle 
2017/04/24 14:13:22 DEBUG - jmeter.gui.util.JMeterToolBar: Toolbar icon key: | 
2017/04/24 14:13:22 DEBUG - jmeter.gui.util.JMeterToolBar: Toolbar icon key: test_start 
2017/04/24 14:13:22 DEBUG - jmeter.gui.util.JMeterToolBar: Toolbar icon key: test_start_notimers 
2017/04/24 14:13:22 DEBUG - jmeter.gui.util.JMeterToolBar: Toolbar icon key: test_stop 
2017/04/24 14:13:22 DEBUG - jmeter.gui.util.JMeterToolBar: Toolbar icon key: test_shutdown 
2017/04/24 14:13:22 DEBUG - jmeter.gui.util.JMeterToolBar: Toolbar icon key: | 
2017/04/24 14:13:22 DEBUG - jmeter.gui.util.JMeterToolBar: Toolbar icon key: test_start_remote_all 
2017/04/24 14:13:22 DEBUG - jmeter.gui.util.JMeterToolBar: Toolbar icon key: test_stop_remote_all 
2017/04/24 14:13:22 DEBUG - jmeter.gui.util.JMeterToolBar: Toolbar icon key: test_shutdown_remote_all 
2017/04/24 14:13:22 DEBUG - jmeter.gui.util.JMeterToolBar: Toolbar icon key: | 
2017/04/24 14:13:22 DEBUG - jmeter.gui.util.JMeterToolBar: Toolbar icon key: test_clear 
2017/04/24 14:13:22 DEBUG - jmeter.gui.util.JMeterToolBar: Toolbar icon key: test_clear_all 
2017/04/24 14:13:22 DEBUG - jmeter.gui.util.JMeterToolBar: Toolbar icon key: | 
2017/04/24 14:13:22 DEBUG - jmeter.gui.util.JMeterToolBar: Toolbar icon key: search 
2017/04/24 14:13:22 DEBUG - jmeter.gui.util.JMeterToolBar: Toolbar icon key: search_reset 
2017/04/24 14:13:22 DEBUG - jmeter.gui.util.JMeterToolBar: Toolbar icon key: | 
2017/04/24 14:13:22 DEBUG - jmeter.gui.util.JMeterToolBar: Toolbar icon key: function_helper 
2017/04/24 14:13:22 DEBUG - jmeter.gui.util.JMeterToolBar: Toolbar icon key: help 
2017/04/24 14:13:22 DEBUG - jmeter.gui.tree.JMeterTreeListener: value changed, updating currentPath 
2017/04/24 14:13:22 DEBUG - jmeter.gui.tree.JMeterTreeListener: value changed, updating currentPath 
2017/04/24 14:13:22 DEBUG - jmeter.gui.GuiPackage: Gui retrieved = org.apache.jmeter.control.gui.WorkBenchGui[WorkBench,0,0,0x0,invalid,layout=java.awt.BorderLayout,alignmentX=0.0,alignmentY=0.0,border=javax.swing.border.EmptyBorder@55e82eb7,flags=9,maximumSize=,minimumSize=,preferredSize=] 
2017/04/24 14:13:22 DEBUG - jmeter.gui.GuiPackage: Updating current node WorkBench 
2017/04/24 14:13:22 DEBUG - jmeter.gui.GuiPackage: Gui retrieved = org.apache.jmeter.control.gui.WorkBenchGui[WorkBench,0,0,0x0,invalid,layout=java.awt.BorderLayout,alignmentX=0.0,alignmentY=0.0,border=javax.swing.border.EmptyBorder@55e82eb7,flags=9,maximumSize=,minimumSize=,preferredSize=] 
2017/04/24 14:13:22 DEBUG - jmeter.gui.AbstractJMeterGuiComponent: setting element to enabled: true 
2017/04/24 14:13:22 DEBUG - jmeter.gui.GuiPackage: Gui retrieved = org.apache.jmeter.control.gui.TestPlanGui[Test Plan,0,0,0x0,invalid,layout=java.awt.BorderLayout,alignmentX=0.0,alignmentY=0.0,border=javax.swing.border.EmptyBorder@2d572980,flags=9,maximumSize=,minimumSize=,preferredSize=] 
2017/04/24 14:13:22 DEBUG - jmeter.gui.GuiPackage: Updating gui to new node 
2017/04/24 14:13:22 DEBUG - jmeter.gui.GuiPackage: Gui retrieved = org.apache.jmeter.control.gui.TestPlanGui[Test Plan,0,0,0x0,invalid,layout=java.awt.BorderLayout,alignmentX=0.0,alignmentY=0.0,border=javax.swing.border.EmptyBorder@2d572980,flags=9,maximumSize=,minimumSize=,preferredSize=] 
2017/04/24 14:13:22 WARN  - jmeter.gui.util.MenuFactory: Missing jar? Could not create kg.apc.jmeter.config.redis.RedisDataSet. java.lang.NoClassDefFoundError: org/apache/commons/pool/impl/GenericObjectPool$Config 
2017/04/24 14:13:22 DEBUG - jmeter.testbeans.gui.TestBeanGUI: testing class: kg.apc.jmeter.listener.GraphsGeneratorListener 
2017/04/24 14:13:22 DEBUG - jmeter.testbeans.BeanInfoSupport: Localized display name not available for property exportMode in class kg.apc.jmeter.listener.GraphsGeneratorListener 
2017/04/24 14:13:22 DEBUG - jmeter.testbeans.BeanInfoSupport: Localized short description not available for property exportMode in class kg.apc.jmeter.listener.GraphsGeneratorListener 
2017/04/24 14:13:22 DEBUG - jmeter.testbeans.BeanInfoSupport: Localized display name not available for property filePrefix in class kg.apc.jmeter.listener.GraphsGeneratorListener 
2017/04/24 14:13:22 DEBUG - jmeter.testbeans.BeanInfoSupport: Localized short description not available for property filePrefix in class kg.apc.jmeter.listener.GraphsGeneratorListener 
2017/04/24 14:13:22 DEBUG - jmeter.testbeans.BeanInfoSupport: Localized display name not available for property listener in class kg.apc.jmeter.listener.GraphsGeneratorListener 
2017/04/24 14:13:22 DEBUG - jmeter.testbeans.BeanInfoSupport: Localized short description not available for property listener in class kg.apc.jmeter.listener.GraphsGeneratorListener 
2017/04/24 14:13:22 DEBUG - jmeter.testbeans.BeanInfoSupport: Localized display name not available for property property in class kg.apc.jmeter.listener.GraphsGeneratorListener 
2017/04/24 14:13:22 DEBUG - jmeter.testbeans.BeanInfoSupport: Localized short description not available for property property in class kg.apc.jmeter.listener.GraphsGeneratorListener 
2017/04/24 14:13:22 DEBUG - jmeter.testbeans.BeanInfoSupport: Localized display name not available for property stats in class kg.apc.jmeter.listener.GraphsGeneratorListener 
2017/04/24 14:13:22 DEBUG - jmeter.testbeans.BeanInfoSupport: Localized short description not available for property stats in class kg.apc.jmeter.listener.GraphsGeneratorListener 
2017/04/24 14:13:22 DEBUG - jmeter.testbeans.BeanInfoSupport: Getting property for: outputBaseFolder 
2017/04/24 14:13:22 DEBUG - jmeter.testbeans.BeanInfoSupport: Getting property for: resultsFileName 
2017/04/24 14:13:22 DEBUG - jmeter.testbeans.BeanInfoSupport: Getting property for: exportMode 
2017/04/24 14:13:22 DEBUG - jmeter.testbeans.BeanInfoSupport: Getting property for: filePrefix 
2017/04/24 14:13:22 DEBUG - jmeter.testbeans.BeanInfoSupport: Getting property for: graphWidth 
2017/04/24 14:13:22 DEBUG - jmeter.testbeans.BeanInfoSupport: Getting property for: graphHeight 
2017/04/24 14:13:22 DEBUG - jmeter.testbeans.BeanInfoSupport: Getting property for: paintMarkers 
2017/04/24 14:13:22 DEBUG - jmeter.testbeans.BeanInfoSupport: Getting property for: paintZeroing 
2017/04/24 14:13:22 DEBUG - jmeter.testbeans.BeanInfoSupport: Getting property for: paintGradient 
2017/04/24 14:13:22 DEBUG - jmeter.testbeans.BeanInfoSupport: Getting property for: preventOutliers 
2017/04/24 14:13:22 DEBUG - jmeter.testbeans.BeanInfoSupport: Getting property for: relativeTimes 
2017/04/24 14:13:22 DEBUG - jmeter.testbeans.BeanInfoSupport: Getting property for: autoScaleRows 
2017/04/24 14:13:22 DEBUG - jmeter.testbeans.BeanInfoSupport: Getting property for: limitRows 
2017/04/24 14:13:22 DEBUG - jmeter.testbeans.BeanInfoSupport: Getting property for: forceY 
2017/04/24 14:13:22 DEBUG - jmeter.testbeans.BeanInfoSupport: Getting property for: granulation 
2017/04/24 14:13:22 DEBUG - jmeter.testbeans.BeanInfoSupport: Getting property for: lineWeight 
2017/04/24 14:13:22 DEBUG - jmeter.testbeans.BeanInfoSupport: Getting property for: aggregateRows 
2017/04/24 14:13:22 DEBUG - jmeter.testbeans.BeanInfoSupport: Getting property for: lowCountLimit 
2017/04/24 14:13:22 DEBUG - jmeter.testbeans.BeanInfoSupport: Getting property for: successFilter 
2017/04/24 14:13:22 DEBUG - jmeter.testbeans.BeanInfoSupport: Getting property for: includeSamplesWithRegex 
2017/04/24 14:13:22 DEBUG - jmeter.testbeans.BeanInfoSupport: Getting property for: includeLabels 
2017/04/24 14:13:22 DEBUG - jmeter.testbeans.BeanInfoSupport: Getting property for: excludeSamplesWithRegex 
2017/04/24 14:13:22 DEBUG - jmeter.testbeans.BeanInfoSupport: Getting property for: excludeLabels 
2017/04/24 14:13:22 DEBUG - jmeter.testbeans.BeanInfoSupport: Getting property for: startOffset 
2017/04/24 14:13:22 DEBUG - jmeter.testbeans.BeanInfoSupport: Getting property for: endOffset 
2017/04/24 14:13:22 DEBUG - jmeter.gui.AbstractJMeterGuiComponent: setting element to enabled: true 
2017/04/24 14:13:22 DEBUG - jmeter.gui.AbstractJMeterGuiComponent: setting element to enabled: true 
2017/04/24 14:13:23 INFO  - jmeter.util.BSFTestElement: Registering JMeter version of JavaScript engine as work-round for BSF-22 
2017/04/24 14:13:23 DEBUG - jmeter.testbeans.gui.TestBeanGUI: testing class: org.apache.jmeter.assertions.BSFAssertion 
2017/04/24 14:13:23 DEBUG - jmeter.testbeans.BeanInfoSupport: Getting property for: scriptLanguage 
2017/04/24 14:13:23 DEBUG - jmeter.testbeans.BeanInfoSupport: Getting property for: parameters 
2017/04/24 14:13:23 DEBUG - jmeter.testbeans.BeanInfoSupport: Getting property for: filename 
2017/04/24 14:13:23 DEBUG - jmeter.testbeans.BeanInfoSupport: Getting property for: script 
2017/04/24 14:13:23 DEBUG - jmeter.testbeans.gui.TestBeanGUI: testing class: org.apache.jmeter.assertions.CompareAssertion 
2017/04/24 14:13:23 DEBUG - jmeter.testbeans.BeanInfoSupport: Getting property for: compareContent 
2017/04/24 14:13:23 DEBUG - jmeter.testbeans.BeanInfoSupport: Getting property for: compareTime 
2017/04/24 14:13:23 DEBUG - jmeter.testbeans.BeanInfoSupport: Getting property for: stringsToSkip 
2017/04/24 14:13:23 DEBUG - jmeter.testbeans.gui.TestBeanGUI: testing class: org.apache.jmeter.assertions.JSR223Assertion 
2017/04/24 14:13:23 DEBUG - jmeter.testbeans.BeanInfoSupport: Getting property for: scriptLanguage 
2017/04/24 14:13:23 DEBUG - jmeter.testbeans.BeanInfoSupport: Getting property for: parameters 
2017/04/24 14:13:23 DEBUG - jmeter.testbeans.BeanInfoSupport: Getting property for: filename 
2017/04/24 14:13:23 DEBUG - jmeter.testbeans.BeanInfoSupport: Getting property for: cacheKey 
2017/04/24 14:13:23 DEBUG - jmeter.testbeans.BeanInfoSupport: Getting property for: script 
2017/04/24 14:13:23 DEBUG - jmeter.testbeans.gui.TestBeanGUI: testing class: org.apache.jmeter.config.CSVDataSet 
2017/04/24 14:13:23 DEBUG - jmeter.testbeans.BeanInfoSupport: Localized display name not available for property property in class org.apache.jmeter.config.CSVDataSet 
2017/04/24 14:13:23 DEBUG - jmeter.testbeans.BeanInfoSupport: Localized short description not available for property property in class org.apache.jmeter.config.CSVDataSet 
2017/04/24 14:13:23 DEBUG - jmeter.testbeans.BeanInfoSupport: Getting property for: filename 
2017/04/24 14:13:23 DEBUG - jmeter.testbeans.BeanInfoSupport: Getting property for: fileEncoding 
2017/04/24 14:13:23 DEBUG - jmeter.testbeans.BeanInfoSupport: Getting property for: variableNames 
2017/04/24 14:13:23 DEBUG - jmeter.testbeans.BeanInfoSupport: Getting property for: delimiter 
2017/04/24 14:13:23 DEBUG - jmeter.testbeans.BeanInfoSupport: Getting property for: quotedData 
2017/04/24 14:13:23 DEBUG - jmeter.testbeans.BeanInfoSupport: Getting property for: recycle 
2017/04/24 14:13:23 DEBUG - jmeter.testbeans.BeanInfoSupport: Getting property for: stopThread 
2017/04/24 14:13:23 DEBUG - jmeter.testbeans.BeanInfoSupport: Getting property for: shareMode 
2017/04/24 14:13:23 DEBUG - jmeter.testbeans.gui.TestBeanGUI: testing class: org.apache.jmeter.config.KeystoreConfig 
2017/04/24 14:13:23 DEBUG - jmeter.testbeans.BeanInfoSupport: Getting property for: preload 
2017/04/24 14:13:23 DEBUG - jmeter.testbeans.BeanInfoSupport: Getting property for: clientCertAliasVarName 
2017/04/24 14:13:23 DEBUG - jmeter.testbeans.BeanInfoSupport: Getting property for: startIndex 
2017/04/24 14:13:23 DEBUG - jmeter.testbeans.BeanInfoSupport: Getting property for: endIndex 
2017/04/24 14:13:23 DEBUG - jmeter.testbeans.gui.TestBeanGUI: testing class: org.apache.jmeter.config.RandomVariableConfig 
2017/04/24 14:13:23 DEBUG - jmeter.testbeans.BeanInfoSupport: Getting property for: variableName 
2017/04/24 14:13:23 DEBUG - jmeter.testbeans.BeanInfoSupport: Getting property for: outputFormat 
2017/04/24 14:13:23 DEBUG - jmeter.testbeans.BeanInfoSupport: Getting property for: minimumValue 
2017/04/24 14:13:23 DEBUG - jmeter.testbeans.BeanInfoSupport: Getting property for: maximumValue 
2017/04/24 14:13:23 DEBUG - jmeter.testbeans.BeanInfoSupport: Getting property for: randomSeed 
2017/04/24 14:13:23 DEBUG - jmeter.testbeans.BeanInfoSupport: Getting property for: perThread 
2017/04/24 14:13:23 DEBUG - jmeter.gui.util.MenuFactory: org.apache.jmeter.config.gui.ObsoleteGui participates in no menus. 
2017/04/24 14:13:23 DEBUG - jmeter.gui.util.MenuFactory: org.apache.jmeter.control.gui.TestPlanGui participates in no menus. 
2017/04/24 14:13:23 DEBUG - jmeter.gui.util.MenuFactory: org.apache.jmeter.control.gui.WorkBenchGui participates in no menus. 
2017/04/24 14:13:23 DEBUG - jmeter.testbeans.gui.TestBeanGUI: testing class: org.apache.jmeter.extractor.BSFPostProcessor 
2017/04/24 14:13:23 DEBUG - jmeter.testbeans.BeanInfoSupport: Getting property for: scriptLanguage 
2017/04/24 14:13:23 DEBUG - jmeter.testbeans.BeanInfoSupport: Getting property for: parameters 
2017/04/24 14:13:23 DEBUG - jmeter.testbeans.BeanInfoSupport: Getting property for: filename 
2017/04/24 14:13:23 DEBUG - jmeter.testbeans.BeanInfoSupport: Getting property for: script 
2017/04/24 14:13:23 DEBUG - jmeter.testbeans.gui.TestBeanGUI: testing class: org.apache.jmeter.extractor.BeanShellPostProcessor 
2017/04/24 14:13:23 DEBUG - jmeter.testbeans.BeanInfoSupport: Localized short description not available for property resetInterpreter in class org.apache.jmeter.extractor.BeanShellPostProcessor 
2017/04/24 14:13:23 DEBUG - jmeter.testbeans.BeanInfoSupport: Getting property for: resetInterpreter 
2017/04/24 14:13:23 DEBUG - jmeter.testbeans.BeanInfoSupport: Getting property for: parameters 
2017/04/24 14:13:23 DEBUG - jmeter.testbeans.BeanInfoSupport: Getting property for: filename 
2017/04/24 14:13:23 DEBUG - jmeter.testbeans.BeanInfoSupport: Getting property for: script 
2017/04/24 14:13:23 DEBUG - jmeter.testbeans.gui.TestBeanGUI: testing class: org.apache.jmeter.extractor.DebugPostProcessor 
2017/04/24 14:13:23 DEBUG - jmeter.testbeans.gui.TestBeanGUI: testing class: org.apache.jmeter.extractor.JSR223PostProcessor 
2017/04/24 14:13:23 DEBUG - jmeter.testbeans.BeanInfoSupport: Getting property for: scriptLanguage 
2017/04/24 14:13:23 DEBUG - jmeter.testbeans.BeanInfoSupport: Getting property for: parameters 
2017/04/24 14:13:23 DEBUG - jmeter.testbeans.BeanInfoSupport: Getting property for: filename 
2017/04/24 14:13:23 DEBUG - jmeter.testbeans.BeanInfoSupport: Getting property for: cacheKey 
2017/04/24 14:13:23 DEBUG - jmeter.testbeans.BeanInfoSupport: Getting property for: script 
2017/04/24 14:13:23 DEBUG - jmeter.gui.util.MenuFactory: org.apache.jmeter.gui.NamePanel participates in no menus. 
2017/04/24 14:13:23 DEBUG - jmeter.testbeans.gui.TestBeanGUI: testing class: org.apache.jmeter.modifiers.BSFPreProcessor 
2017/04/24 14:13:23 DEBUG - jmeter.testbeans.BeanInfoSupport: Getting property for: scriptLanguage 
2017/04/24 14:13:23 DEBUG - jmeter.testbeans.BeanInfoSupport: Getting property for: parameters 
2017/04/24 14:13:23 DEBUG - jmeter.testbeans.BeanInfoSupport: Getting property for: filename 
2017/04/24 14:13:23 DEBUG - jmeter.testbeans.BeanInfoSupport: Getting property for: script 
2017/04/24 14:13:23 DEBUG - jmeter.testbeans.gui.TestBeanGUI: testing class: org.apache.jmeter.modifiers.BeanShellPreProcessor 
2017/04/24 14:13:23 DEBUG - jmeter.testbeans.BeanInfoSupport: Localized short description not available for property resetInterpreter in class org.apache.jmeter.modifiers.BeanShellPreProcessor 
2017/04/24 14:13:23 DEBUG - jmeter.testbeans.BeanInfoSupport: Getting property for: resetInterpreter 
2017/04/24 14:13:23 DEBUG - jmeter.testbeans.BeanInfoSupport: Getting property for: parameters 
2017/04/24 14:13:23 DEBUG - jmeter.testbeans.BeanInfoSupport: Getting property for: filename 
2017/04/24 14:13:23 DEBUG - jmeter.testbeans.BeanInfoSupport: Getting property for: script 
2017/04/24 14:13:23 DEBUG - jmeter.testbeans.gui.TestBeanGUI: testing class: org.apache.jmeter.modifiers.JSR223PreProcessor 
2017/04/24 14:13:23 DEBUG - jmeter.testbeans.BeanInfoSupport: Getting property for: scriptLanguage 
2017/04/24 14:13:23 DEBUG - jmeter.testbeans.BeanInfoSupport: Getting property for: parameters 
2017/04/24 14:13:23 DEBUG - jmeter.testbeans.BeanInfoSupport: Getting property for: filename 
2017/04/24 14:13:23 DEBUG - jmeter.testbeans.BeanInfoSupport: Getting property for: cacheKey 
2017/04/24 14:13:23 DEBUG - jmeter.testbeans.BeanInfoSupport: Getting property for: script 
2017/04/24 14:13:23 INFO  - jmeter.protocol.http.sampler.HTTPSamplerBase: Cannot find .className property for htmlParser, using default 
2017/04/24 14:13:23 INFO  - jmeter.protocol.http.sampler.HTTPSamplerBase: Parser for text/html is  
2017/04/24 14:13:23 INFO  - jmeter.protocol.http.sampler.HTTPSamplerBase: Parser for application/xhtml+xml is  
2017/04/24 14:13:23 INFO  - jmeter.protocol.http.sampler.HTTPSamplerBase: Parser for application/xml is  
2017/04/24 14:13:23 INFO  - jmeter.protocol.http.sampler.HTTPSamplerBase: Parser for text/xml is  
2017/04/24 14:13:23 INFO  - jmeter.protocol.http.sampler.HTTPSamplerBase: Parser for text/vnd.wap.wml is org.apache.jmeter.protocol.http.parser.RegexpHTMLParser 
2017/04/24 14:13:23 DEBUG - jmeter.protocol.http.control.gui.HttpMirrorControlGui: Creating HttpMirrorControlGui 
2017/04/24 14:13:23 INFO  - jmeter.gui.util.MenuFactory: Skipping org.apache.jmeter.protocol.http.control.gui.WebServiceSamplerGui 
2017/04/24 14:13:23 DEBUG - jmeter.gui.util.MenuFactory: org.apache.jmeter.protocol.http.gui.HTTPArgumentsPanel participates in no menus. 
2017/04/24 14:13:23 INFO  - jmeter.gui.util.MenuFactory: Skipping org.apache.jmeter.protocol.http.modifier.gui.ParamModifierGui 
2017/04/24 14:13:23 DEBUG - jmeter.protocol.http.proxy.gui.ProxyControlGui: Creating ProxyControlGui 
2017/04/24 14:13:23 INFO  - jorphan.exec.KeyToolUtils: keytool found at 'keytool' 
2017/04/24 14:13:23 INFO  - jmeter.protocol.http.proxy.ProxyControl: HTTP(S) Test Script Recorder SSL Proxy will use keys that support embedded 3rd party resources in file /Users/hyan/open/apache-jmeter-2.13/bin/proxyserver.jks 
2017/04/24 14:13:23 DEBUG - jmeter.testbeans.gui.TestBeanGUI: testing class: org.apache.jmeter.protocol.http.sampler.AccessLogSampler 
2017/04/24 14:13:23 DEBUG - jmeter.protocol.http.sampler.AccessLogSamplerBeanInfo: Entered access log sampler bean info 
2017/04/24 14:13:23 DEBUG - jmeter.testbeans.BeanInfoSupport: Getting property for: domain 
2017/04/24 14:13:23 DEBUG - jmeter.testbeans.BeanInfoSupport: Getting property for: portString 
2017/04/24 14:13:23 DEBUG - jmeter.testbeans.BeanInfoSupport: Getting property for: imageParsing 
2017/04/24 14:13:23 DEBUG - jmeter.testbeans.BeanInfoSupport: Getting property for: parserClassName 
2017/04/24 14:13:23 DEBUG - jmeter.testbeans.BeanInfoSupport: Getting property for: filterClassName 
2017/04/24 14:13:23 DEBUG - jmeter.testbeans.BeanInfoSupport: Getting property for: logFile 
2017/04/24 14:13:23 DEBUG - jmeter.protocol.http.sampler.AccessLogSamplerBeanInfo: found parsers: [org.apache.jmeter.protocol.http.util.accesslog.OrderPreservingLogParser, org.apache.jmeter.protocol.http.util.accesslog.SharedTCLogParser, org.apache.jmeter.protocol.http.util.accesslog.TCLogParser] 
2017/04/24 14:13:23 DEBUG - jmeter.protocol.http.sampler.AccessLogSamplerBeanInfo: Got to end of access log samper bean info init 
2017/04/24 14:13:23 DEBUG - jmeter.testbeans.gui.TestBeanGUI: testing class: org.apache.jmeter.protocol.java.sampler.BSFSampler 
2017/04/24 14:13:23 DEBUG - jmeter.testbeans.BeanInfoSupport: Getting property for: scriptLanguage 
2017/04/24 14:13:23 DEBUG - jmeter.testbeans.BeanInfoSupport: Getting property for: parameters 
2017/04/24 14:13:23 DEBUG - jmeter.testbeans.BeanInfoSupport: Getting property for: filename 
2017/04/24 14:13:23 DEBUG - jmeter.testbeans.BeanInfoSupport: Getting property for: script 
2017/04/24 14:13:23 DEBUG - jmeter.testbeans.gui.TestBeanGUI: testing class: org.apache.jmeter.protocol.java.sampler.JSR223Sampler 
2017/04/24 14:13:23 DEBUG - jmeter.testbeans.BeanInfoSupport: Getting property for: scriptLanguage 
2017/04/24 14:13:23 DEBUG - jmeter.testbeans.BeanInfoSupport: Getting property for: parameters 
2017/04/24 14:13:23 DEBUG - jmeter.testbeans.BeanInfoSupport: Getting property for: filename 
2017/04/24 14:13:23 DEBUG - jmeter.testbeans.BeanInfoSupport: Getting property for: cacheKey 
2017/04/24 14:13:23 DEBUG - jmeter.testbeans.BeanInfoSupport: Getting property for: script 
2017/04/24 14:13:23 DEBUG - jmeter.testbeans.gui.TestBeanGUI: testing class: org.apache.jmeter.protocol.jdbc.config.DataSourceElement 
2017/04/24 14:13:23 DEBUG - jmeter.testbeans.BeanInfoSupport: Getting property for: dataSource 
2017/04/24 14:13:23 DEBUG - jmeter.testbeans.BeanInfoSupport: Getting property for: poolMax 
2017/04/24 14:13:23 DEBUG - jmeter.testbeans.BeanInfoSupport: Getting property for: timeout 
2017/04/24 14:13:23 DEBUG - jmeter.testbeans.BeanInfoSupport: Getting property for: trimInterval 
2017/04/24 14:13:23 DEBUG - jmeter.testbeans.BeanInfoSupport: Getting property for: autocommit 
2017/04/24 14:13:23 DEBUG - jmeter.testbeans.BeanInfoSupport: Getting property for: transactionIsolation 
2017/04/24 14:13:23 DEBUG - jmeter.testbeans.BeanInfoSupport: Getting property for: keepAlive 
2017/04/24 14:13:23 DEBUG - jmeter.testbeans.BeanInfoSupport: Getting property for: connectionAge 
2017/04/24 14:13:23 DEBUG - jmeter.testbeans.BeanInfoSupport: Getting property for: checkQuery 
2017/04/24 14:13:23 DEBUG - jmeter.testbeans.BeanInfoSupport: Getting property for: dbUrl 
2017/04/24 14:13:23 DEBUG - jmeter.testbeans.BeanInfoSupport: Getting property for: driver 
2017/04/24 14:13:23 DEBUG - jmeter.testbeans.BeanInfoSupport: Getting property for: username 
2017/04/24 14:13:23 DEBUG - jmeter.testbeans.BeanInfoSupport: Getting property for: password 
2017/04/24 14:13:23 DEBUG - jmeter.testbeans.gui.TestBeanGUI: testing class: org.apache.jmeter.protocol.jdbc.processor.JDBCPostProcessor 
2017/04/24 14:13:23 DEBUG - jmeter.testbeans.BeanInfoSupport: Localized display name not available for property integerQueryTimeout in class org.apache.jmeter.protocol.jdbc.processor.JDBCPostProcessor 
2017/04/24 14:13:23 DEBUG - jmeter.testbeans.BeanInfoSupport: Localized short description not available for property integerQueryTimeout in class org.apache.jmeter.protocol.jdbc.processor.JDBCPostProcessor 
2017/04/24 14:13:23 DEBUG - jmeter.testbeans.BeanInfoSupport: Getting property for: dataSource 
2017/04/24 14:13:23 DEBUG - jmeter.testbeans.BeanInfoSupport: Getting property for: queryType 
2017/04/24 14:13:23 DEBUG - jmeter.testbeans.BeanInfoSupport: Getting property for: query 
2017/04/24 14:13:23 DEBUG - jmeter.testbeans.BeanInfoSupport: Getting property for: queryArguments 
2017/04/24 14:13:23 DEBUG - jmeter.testbeans.BeanInfoSupport: Getting property for: queryArgumentsTypes 
2017/04/24 14:13:23 DEBUG - jmeter.testbeans.BeanInfoSupport: Getting property for: variableNames 
2017/04/24 14:13:23 DEBUG - jmeter.testbeans.BeanInfoSupport: Getting property for: resultVariable 
2017/04/24 14:13:23 DEBUG - jmeter.testbeans.BeanInfoSupport: Getting property for: queryTimeout 
2017/04/24 14:13:23 DEBUG - jmeter.testbeans.BeanInfoSupport: Getting property for: resultSetHandler 
2017/04/24 14:13:23 DEBUG - jmeter.testbeans.gui.TestBeanGUI: testing class: org.apache.jmeter.protocol.jdbc.processor.JDBCPreProcessor 
2017/04/24 14:13:23 DEBUG - jmeter.testbeans.BeanInfoSupport: Localized display name not available for property integerQueryTimeout in class org.apache.jmeter.protocol.jdbc.processor.JDBCPreProcessor 
2017/04/24 14:13:23 DEBUG - jmeter.testbeans.BeanInfoSupport: Localized short description not available for property integerQueryTimeout in class org.apache.jmeter.protocol.jdbc.processor.JDBCPreProcessor 
2017/04/24 14:13:23 DEBUG - jmeter.testbeans.BeanInfoSupport: Getting property for: dataSource 
2017/04/24 14:13:23 DEBUG - jmeter.testbeans.BeanInfoSupport: Getting property for: queryType 
2017/04/24 14:13:23 DEBUG - jmeter.testbeans.BeanInfoSupport: Getting property for: query 
2017/04/24 14:13:23 DEBUG - jmeter.testbeans.BeanInfoSupport: Getting property for: queryArguments 
2017/04/24 14:13:23 DEBUG - jmeter.testbeans.BeanInfoSupport: Getting property for: queryArgumentsTypes 
2017/04/24 14:13:23 DEBUG - jmeter.testbeans.BeanInfoSupport: Getting property for: variableNames 
2017/04/24 14:13:23 DEBUG - jmeter.testbeans.BeanInfoSupport: Getting property for: resultVariable 
2017/04/24 14:13:23 DEBUG - jmeter.testbeans.BeanInfoSupport: Getting property for: queryTimeout 
2017/04/24 14:13:23 DEBUG - jmeter.testbeans.BeanInfoSupport: Getting property for: resultSetHandler 
2017/04/24 14:13:23 DEBUG - jmeter.testbeans.gui.TestBeanGUI: testing class: org.apache.jmeter.protocol.jdbc.sampler.JDBCSampler 
2017/04/24 14:13:23 DEBUG - jmeter.testbeans.BeanInfoSupport: Localized display name not available for property integerQueryTimeout in class org.apache.jmeter.protocol.jdbc.sampler.JDBCSampler 
2017/04/24 14:13:23 DEBUG - jmeter.testbeans.BeanInfoSupport: Localized short description not available for property integerQueryTimeout in class org.apache.jmeter.protocol.jdbc.sampler.JDBCSampler 
2017/04/24 14:13:23 DEBUG - jmeter.testbeans.BeanInfoSupport: Getting property for: dataSource 
2017/04/24 14:13:23 DEBUG - jmeter.testbeans.BeanInfoSupport: Getting property for: queryType 
2017/04/24 14:13:23 DEBUG - jmeter.testbeans.BeanInfoSupport: Getting property for: query 
2017/04/24 14:13:23 DEBUG - jmeter.testbeans.BeanInfoSupport: Getting property for: queryArguments 
2017/04/24 14:13:23 DEBUG - jmeter.testbeans.BeanInfoSupport: Getting property for: queryArgumentsTypes 
2017/04/24 14:13:23 DEBUG - jmeter.testbeans.BeanInfoSupport: Getting property for: variableNames 
2017/04/24 14:13:23 DEBUG - jmeter.testbeans.BeanInfoSupport: Getting property for: resultVariable 
2017/04/24 14:13:23 DEBUG - jmeter.testbeans.BeanInfoSupport: Getting property for: queryTimeout 
2017/04/24 14:13:23 DEBUG - jmeter.testbeans.BeanInfoSupport: Getting property for: resultSetHandler 
2017/04/24 14:13:23 DEBUG - jmeter.gui.util.MenuFactory: org.apache.jmeter.protocol.ldap.config.gui.LDAPArgumentsPanel participates in no menus. 
2017/04/24 14:13:23 DEBUG - jmeter.testbeans.gui.TestBeanGUI: testing class: org.apache.jmeter.protocol.mongodb.config.MongoSourceElement 
2017/04/24 14:13:23 DEBUG - jmeter.testbeans.BeanInfoSupport: Localized display name not available for property title in class org.apache.jmeter.protocol.mongodb.config.MongoSourceElement 
2017/04/24 14:13:23 DEBUG - jmeter.testbeans.BeanInfoSupport: Localized short description not available for property title in class org.apache.jmeter.protocol.mongodb.config.MongoSourceElement 
2017/04/24 14:13:23 DEBUG - jmeter.testbeans.BeanInfoSupport: Getting property for: connection 
2017/04/24 14:13:23 DEBUG - jmeter.testbeans.BeanInfoSupport: Getting property for: source 
2017/04/24 14:13:23 DEBUG - jmeter.testbeans.BeanInfoSupport: Getting property for: autoConnectRetry 
2017/04/24 14:13:23 DEBUG - jmeter.testbeans.BeanInfoSupport: Getting property for: connectionsPerHost 
2017/04/24 14:13:23 DEBUG - jmeter.testbeans.BeanInfoSupport: Getting property for: connectTimeout 
2017/04/24 14:13:23 DEBUG - jmeter.testbeans.BeanInfoSupport: Getting property for: maxAutoConnectRetryTime 
2017/04/24 14:13:23 DEBUG - jmeter.testbeans.BeanInfoSupport: Getting property for: maxWaitTime 
2017/04/24 14:13:23 DEBUG - jmeter.testbeans.BeanInfoSupport: Getting property for: socketTimeout 
2017/04/24 14:13:23 DEBUG - jmeter.testbeans.BeanInfoSupport: Getting property for: socketKeepAlive 
2017/04/24 14:13:23 DEBUG - jmeter.testbeans.BeanInfoSupport: Getting property for: threadsAllowedToBlockForConnectionMultiplier 
2017/04/24 14:13:23 DEBUG - jmeter.testbeans.BeanInfoSupport: Getting property for: safe 
2017/04/24 14:13:23 DEBUG - jmeter.testbeans.BeanInfoSupport: Getting property for: fsync 
2017/04/24 14:13:23 DEBUG - jmeter.testbeans.BeanInfoSupport: Getting property for: waitForJournaling 
2017/04/24 14:13:23 DEBUG - jmeter.testbeans.BeanInfoSupport: Getting property for: writeOperationNumberOfServers 
2017/04/24 14:13:23 DEBUG - jmeter.testbeans.BeanInfoSupport: Getting property for: writeOperationTimeout 
2017/04/24 14:13:23 DEBUG - jmeter.testbeans.BeanInfoSupport: Getting property for: continueOnInsertError 
2017/04/24 14:13:23 DEBUG - jmeter.protocol.mongodb.config.MongoSourceElementBeanInfo: autoConnectRetry 
2017/04/24 14:13:23 DEBUG - jmeter.protocol.mongodb.config.MongoSourceElementBeanInfo: Keep trying 
2017/04/24 14:13:23 DEBUG - jmeter.protocol.mongodb.config.MongoSourceElementBeanInfo: connectTimeout 
2017/04/24 14:13:23 DEBUG - jmeter.protocol.mongodb.config.MongoSourceElementBeanInfo: Connection timeout 
2017/04/24 14:13:23 DEBUG - jmeter.protocol.mongodb.config.MongoSourceElementBeanInfo: connection 
2017/04/24 14:13:23 DEBUG - jmeter.protocol.mongodb.config.MongoSourceElementBeanInfo: Server Address List 
2017/04/24 14:13:23 DEBUG - jmeter.protocol.mongodb.config.MongoSourceElementBeanInfo: connectionsPerHost 
2017/04/24 14:13:23 DEBUG - jmeter.protocol.mongodb.config.MongoSourceElementBeanInfo: Maximum connections Per Host 
2017/04/24 14:13:23 DEBUG - jmeter.protocol.mongodb.config.MongoSourceElementBeanInfo: continueOnInsertError 
2017/04/24 14:13:23 DEBUG - jmeter.protocol.mongodb.config.MongoSourceElementBeanInfo: Continue on Error 
2017/04/24 14:13:23 DEBUG - jmeter.protocol.mongodb.config.MongoSourceElementBeanInfo: fsync 
2017/04/24 14:13:23 DEBUG - jmeter.protocol.mongodb.config.MongoSourceElementBeanInfo: Fsync 
2017/04/24 14:13:23 DEBUG - jmeter.protocol.mongodb.config.MongoSourceElementBeanInfo: maxAutoConnectRetryTime 
2017/04/24 14:13:23 DEBUG - jmeter.protocol.mongodb.config.MongoSourceElementBeanInfo: Maximum retry time 
2017/04/24 14:13:23 DEBUG - jmeter.protocol.mongodb.config.MongoSourceElementBeanInfo: maxWaitTime 
2017/04/24 14:13:23 DEBUG - jmeter.protocol.mongodb.config.MongoSourceElementBeanInfo: Maximum wait time 
2017/04/24 14:13:23 DEBUG - jmeter.protocol.mongodb.config.MongoSourceElementBeanInfo: safe 
2017/04/24 14:13:23 DEBUG - jmeter.protocol.mongodb.config.MongoSourceElementBeanInfo: Safe 
2017/04/24 14:13:23 DEBUG - jmeter.protocol.mongodb.config.MongoSourceElementBeanInfo: socketKeepAlive 
2017/04/24 14:13:23 DEBUG - jmeter.protocol.mongodb.config.MongoSourceElementBeanInfo: Socket keep alive 
2017/04/24 14:13:23 DEBUG - jmeter.protocol.mongodb.config.MongoSourceElementBeanInfo: socketTimeout 
2017/04/24 14:13:23 DEBUG - jmeter.protocol.mongodb.config.MongoSourceElementBeanInfo: Socket timeout 
2017/04/24 14:13:23 DEBUG - jmeter.protocol.mongodb.config.MongoSourceElementBeanInfo: source 
2017/04/24 14:13:23 DEBUG - jmeter.protocol.mongodb.config.MongoSourceElementBeanInfo: MongoDB Source 
2017/04/24 14:13:23 DEBUG - jmeter.protocol.mongodb.config.MongoSourceElementBeanInfo: threadsAllowedToBlockForConnectionMultiplier 
2017/04/24 14:13:23 DEBUG - jmeter.protocol.mongodb.config.MongoSourceElementBeanInfo: Block Multiplier 
2017/04/24 14:13:23 DEBUG - jmeter.protocol.mongodb.config.MongoSourceElementBeanInfo: title 
2017/04/24 14:13:23 DEBUG - jmeter.protocol.mongodb.config.MongoSourceElementBeanInfo: title 
2017/04/24 14:13:23 DEBUG - jmeter.protocol.mongodb.config.MongoSourceElementBeanInfo: waitForJournaling 
2017/04/24 14:13:23 DEBUG - jmeter.protocol.mongodb.config.MongoSourceElementBeanInfo: Wait for Journal 
2017/04/24 14:13:23 DEBUG - jmeter.protocol.mongodb.config.MongoSourceElementBeanInfo: writeOperationNumberOfServers 
2017/04/24 14:13:23 DEBUG - jmeter.protocol.mongodb.config.MongoSourceElementBeanInfo: Wait for Servers 
2017/04/24 14:13:23 DEBUG - jmeter.protocol.mongodb.config.MongoSourceElementBeanInfo: writeOperationTimeout 
2017/04/24 14:13:23 DEBUG - jmeter.protocol.mongodb.config.MongoSourceElementBeanInfo: Wait Timeout 
2017/04/24 14:13:23 DEBUG - jmeter.testbeans.gui.TestBeanGUI: testing class: org.apache.jmeter.protocol.mongodb.sampler.MongoScriptSampler 
2017/04/24 14:13:23 DEBUG - jmeter.testbeans.BeanInfoSupport: Localized short description not available for property database in class org.apache.jmeter.protocol.mongodb.sampler.MongoScriptSampler 
2017/04/24 14:13:23 DEBUG - jmeter.testbeans.BeanInfoSupport: Localized short description not available for property password in class org.apache.jmeter.protocol.mongodb.sampler.MongoScriptSampler 
2017/04/24 14:13:23 DEBUG - jmeter.testbeans.BeanInfoSupport: Localized display name not available for property title in class org.apache.jmeter.protocol.mongodb.sampler.MongoScriptSampler 
2017/04/24 14:13:23 DEBUG - jmeter.testbeans.BeanInfoSupport: Localized short description not available for property title in class org.apache.jmeter.protocol.mongodb.sampler.MongoScriptSampler 
2017/04/24 14:13:23 DEBUG - jmeter.testbeans.BeanInfoSupport: Localized short description not available for property username in class org.apache.jmeter.protocol.mongodb.sampler.MongoScriptSampler 
2017/04/24 14:13:23 DEBUG - jmeter.testbeans.BeanInfoSupport: Getting property for: source 
2017/04/24 14:13:23 DEBUG - jmeter.testbeans.BeanInfoSupport: Getting property for: database 
2017/04/24 14:13:23 DEBUG - jmeter.testbeans.BeanInfoSupport: Getting property for: username 
2017/04/24 14:13:23 DEBUG - jmeter.testbeans.BeanInfoSupport: Getting property for: password 
2017/04/24 14:13:23 DEBUG - jmeter.testbeans.BeanInfoSupport: Getting property for: script 
2017/04/24 14:13:23 DEBUG - jmeter.protocol.mongodb.sampler.MongoScriptSamplerBeanInfo: database 
2017/04/24 14:13:23 DEBUG - jmeter.protocol.mongodb.sampler.MongoScriptSamplerBeanInfo: Database Name 
2017/04/24 14:13:23 DEBUG - jmeter.protocol.mongodb.sampler.MongoScriptSamplerBeanInfo: password 
2017/04/24 14:13:23 DEBUG - jmeter.protocol.mongodb.sampler.MongoScriptSamplerBeanInfo: Password 
2017/04/24 14:13:23 DEBUG - jmeter.protocol.mongodb.sampler.MongoScriptSamplerBeanInfo: script 
2017/04/24 14:13:23 DEBUG - jmeter.protocol.mongodb.sampler.MongoScriptSamplerBeanInfo: The script to run 
2017/04/24 14:13:23 DEBUG - jmeter.protocol.mongodb.sampler.MongoScriptSamplerBeanInfo: source 
2017/04/24 14:13:23 DEBUG - jmeter.protocol.mongodb.sampler.MongoScriptSamplerBeanInfo: MongoDB Source 
2017/04/24 14:13:23 DEBUG - jmeter.protocol.mongodb.sampler.MongoScriptSamplerBeanInfo: title 
2017/04/24 14:13:23 DEBUG - jmeter.protocol.mongodb.sampler.MongoScriptSamplerBeanInfo: title 
2017/04/24 14:13:23 DEBUG - jmeter.protocol.mongodb.sampler.MongoScriptSamplerBeanInfo: username 
2017/04/24 14:13:23 DEBUG - jmeter.protocol.mongodb.sampler.MongoScriptSamplerBeanInfo: Username 
2017/04/24 14:13:23 DEBUG - jmeter.testbeans.gui.TestBeanGUI: testing class: org.apache.jmeter.sampler.DebugSampler 
2017/04/24 14:13:23 DEBUG - jmeter.gui.AbstractJMeterGuiComponent: setting element to enabled: true 
2017/04/24 14:13:23 DEBUG - jmeter.gui.AbstractJMeterGuiComponent: setting element to enabled: true 
2017/04/24 14:13:23 DEBUG - jmeter.gui.AbstractJMeterGuiComponent: setting element to enabled: true 
2017/04/24 14:13:23 DEBUG - jmeter.testbeans.gui.TestBeanGUI: testing class: org.apache.jmeter.timers.BSFTimer 
2017/04/24 14:13:23 DEBUG - jmeter.testbeans.BeanInfoSupport: Getting property for: scriptLanguage 
2017/04/24 14:13:23 DEBUG - jmeter.testbeans.BeanInfoSupport: Getting property for: parameters 
2017/04/24 14:13:23 DEBUG - jmeter.testbeans.BeanInfoSupport: Getting property for: filename 
2017/04/24 14:13:23 DEBUG - jmeter.testbeans.BeanInfoSupport: Getting property for: script 
2017/04/24 14:13:23 DEBUG - jmeter.testbeans.gui.TestBeanGUI: testing class: org.apache.jmeter.timers.BeanShellTimer 
2017/04/24 14:13:23 DEBUG - jmeter.testbeans.BeanInfoSupport: Localized short description not available for property resetInterpreter in class org.apache.jmeter.timers.BeanShellTimer 
2017/04/24 14:13:23 DEBUG - jmeter.testbeans.BeanInfoSupport: Getting property for: resetInterpreter 
2017/04/24 14:13:23 DEBUG - jmeter.testbeans.BeanInfoSupport: Getting property for: parameters 
2017/04/24 14:13:23 DEBUG - jmeter.testbeans.BeanInfoSupport: Getting property for: filename 
2017/04/24 14:13:23 DEBUG - jmeter.testbeans.BeanInfoSupport: Getting property for: script 
2017/04/24 14:13:23 DEBUG - jmeter.testbeans.gui.TestBeanGUI: testing class: org.apache.jmeter.timers.ConstantThroughputTimer 
2017/04/24 14:13:23 DEBUG - jmeter.testbeans.BeanInfoSupport: Localized display name not available for property property in class org.apache.jmeter.timers.ConstantThroughputTimer 
2017/04/24 14:13:23 DEBUG - jmeter.testbeans.BeanInfoSupport: Localized short description not available for property property in class org.apache.jmeter.timers.ConstantThroughputTimer 
2017/04/24 14:13:23 DEBUG - jmeter.testbeans.BeanInfoSupport: Getting property for: throughput 
2017/04/24 14:13:23 DEBUG - jmeter.testbeans.BeanInfoSupport: Getting property for: calcMode 
2017/04/24 14:13:23 DEBUG - jmeter.testbeans.gui.TestBeanGUI: testing class: org.apache.jmeter.timers.JSR223Timer 
2017/04/24 14:13:23 DEBUG - jmeter.testbeans.BeanInfoSupport: Getting property for: scriptLanguage 
2017/04/24 14:13:23 DEBUG - jmeter.testbeans.BeanInfoSupport: Getting property for: parameters 
2017/04/24 14:13:23 DEBUG - jmeter.testbeans.BeanInfoSupport: Getting property for: filename 
2017/04/24 14:13:23 DEBUG - jmeter.testbeans.BeanInfoSupport: Getting property for: cacheKey 
2017/04/24 14:13:23 DEBUG - jmeter.testbeans.BeanInfoSupport: Getting property for: script 
2017/04/24 14:13:23 DEBUG - jmeter.testbeans.gui.TestBeanGUI: testing class: org.apache.jmeter.timers.SyncTimer 
2017/04/24 14:13:23 DEBUG - jmeter.testbeans.BeanInfoSupport: Getting property for: groupSize 
2017/04/24 14:13:23 DEBUG - jmeter.testbeans.BeanInfoSupport: Getting property for: timeoutInMs 
2017/04/24 14:13:23 DEBUG - jmeter.testbeans.gui.TestBeanGUI: testing class: org.apache.jmeter.visualizers.BSFListener 
2017/04/24 14:13:23 DEBUG - jmeter.testbeans.BeanInfoSupport: Localized display name not available for property stats in class org.apache.jmeter.visualizers.BSFListener 
2017/04/24 14:13:23 DEBUG - jmeter.testbeans.BeanInfoSupport: Localized short description not available for property stats in class org.apache.jmeter.visualizers.BSFListener 
2017/04/24 14:13:23 DEBUG - jmeter.testbeans.BeanInfoSupport: Getting property for: scriptLanguage 
2017/04/24 14:13:23 DEBUG - jmeter.testbeans.BeanInfoSupport: Getting property for: parameters 
2017/04/24 14:13:23 DEBUG - jmeter.testbeans.BeanInfoSupport: Getting property for: filename 
2017/04/24 14:13:23 DEBUG - jmeter.testbeans.BeanInfoSupport: Getting property for: script 
2017/04/24 14:13:23 DEBUG - jmeter.testbeans.gui.TestBeanGUI: testing class: org.apache.jmeter.visualizers.BeanShellListener 
2017/04/24 14:13:23 DEBUG - jmeter.testbeans.BeanInfoSupport: Localized short description not available for property resetInterpreter in class org.apache.jmeter.visualizers.BeanShellListener 
2017/04/24 14:13:23 DEBUG - jmeter.testbeans.BeanInfoSupport: Localized display name not available for property stats in class org.apache.jmeter.visualizers.BeanShellListener 
2017/04/24 14:13:23 DEBUG - jmeter.testbeans.BeanInfoSupport: Localized short description not available for property stats in class org.apache.jmeter.visualizers.BeanShellListener 
2017/04/24 14:13:23 DEBUG - jmeter.testbeans.BeanInfoSupport: Getting property for: resetInterpreter 
2017/04/24 14:13:23 DEBUG - jmeter.testbeans.BeanInfoSupport: Getting property for: parameters 
2017/04/24 14:13:23 DEBUG - jmeter.testbeans.BeanInfoSupport: Getting property for: filename 
2017/04/24 14:13:23 DEBUG - jmeter.testbeans.BeanInfoSupport: Getting property for: script 
2017/04/24 14:13:23 DEBUG - jmeter.testbeans.gui.TestBeanGUI: testing class: org.apache.jmeter.visualizers.JSR223Listener 
2017/04/24 14:13:23 DEBUG - jmeter.testbeans.BeanInfoSupport: Localized display name not available for property stats in class org.apache.jmeter.visualizers.JSR223Listener 
2017/04/24 14:13:23 DEBUG - jmeter.testbeans.BeanInfoSupport: Localized short description not available for property stats in class org.apache.jmeter.visualizers.JSR223Listener 
2017/04/24 14:13:23 DEBUG - jmeter.testbeans.BeanInfoSupport: Getting property for: scriptLanguage 
2017/04/24 14:13:23 DEBUG - jmeter.testbeans.BeanInfoSupport: Getting property for: parameters 
2017/04/24 14:13:23 DEBUG - jmeter.testbeans.BeanInfoSupport: Getting property for: filename 
2017/04/24 14:13:23 DEBUG - jmeter.testbeans.BeanInfoSupport: Getting property for: cacheKey 
2017/04/24 14:13:23 DEBUG - jmeter.testbeans.BeanInfoSupport: Getting property for: script 
2017/04/24 14:13:23 INFO  - jmeter.samplers.SampleResult: Note: Sample TimeStamps are START times 
2017/04/24 14:13:23 INFO  - jmeter.samplers.SampleResult: sampleresult.default.encoding is set to ISO-8859-1 
2017/04/24 14:13:23 INFO  - jmeter.samplers.SampleResult: sampleresult.useNanoTime=true 
2017/04/24 14:13:23 INFO  - jmeter.samplers.SampleResult: sampleresult.nanoThreadSleep=5000 
2017/04/24 14:13:23 DEBUG - jmeter.visualizers.ViewResultsFullVisualizer: init() - pass 
2017/04/24 14:13:23 DEBUG - jmeter.gui.GuiPackage: Updating current node Test Plan 
2017/04/24 14:13:23 DEBUG - jmeter.gui.GuiPackage: Gui retrieved = org.apache.jmeter.control.gui.TestPlanGui[Test Plan,0,0,0x0,invalid,layout=java.awt.BorderLayout,alignmentX=0.0,alignmentY=0.0,border=javax.swing.border.EmptyBorder@2d572980,flags=9,maximumSize=,minimumSize=,preferredSize=] 
2017/04/24 14:13:23 DEBUG - jmeter.gui.AbstractJMeterGuiComponent: setting element to enabled: true 
2017/04/24 14:13:23 DEBUG - jmeter.gui.AbstractJMeterGuiComponent: setting element to enabled: true 
2017/04/24 14:13:23 DEBUG - jmeter.gui.GuiPackage: Gui retrieved = org.apache.jmeter.control.gui.TestPlanGui[Test Plan,0,0,0x0,invalid,layout=java.awt.BorderLayout,alignmentX=0.0,alignmentY=0.0,border=javax.swing.border.EmptyBorder@2d572980,flags=9,maximumSize=,minimumSize=,preferredSize=] 
2017/04/24 14:13:23 DEBUG - jmeter.gui.GuiPackage: Updating gui to new node 
2017/04/24 14:13:23 DEBUG - jmeter.gui.GuiPackage: Updating current node Test Plan 
2017/04/24 14:13:23 DEBUG - jmeter.gui.GuiPackage: Gui retrieved = org.apache.jmeter.control.gui.TestPlanGui[Test Plan,0,0,1102x780,layout=java.awt.BorderLayout,alignmentX=0.0,alignmentY=0.0,border=javax.swing.border.EmptyBorder@2d572980,flags=9,maximumSize=,minimumSize=,preferredSize=] 
2017/04/24 14:13:23 DEBUG - jmeter.gui.AbstractJMeterGuiComponent: setting element to enabled: true 
2017/04/24 14:13:23 DEBUG - jmeter.gui.AbstractJMeterGuiComponent: setting element to enabled: true 
2017/04/24 14:13:23 DEBUG - jmeter.gui.GuiPackage: Gui retrieved = org.apache.jmeter.control.gui.TestPlanGui[Test Plan,0,0,1102x780,layout=java.awt.BorderLayout,alignmentX=0.0,alignmentY=0.0,border=javax.swing.border.EmptyBorder@2d572980,flags=9,maximumSize=,minimumSize=,preferredSize=] 
2017/04/24 14:13:23 DEBUG - jmeter.gui.action.CheckDirty: Node is class:class org.apache.jmeter.gui.tree.JMeterTreeNode 
2017/04/24 14:13:23 DEBUG - jmeter.gui.action.CheckDirty: Node is class:class org.apache.jmeter.gui.tree.JMeterTreeNode 
2017/04/24 14:13:23 DEBUG - jmeter.gui.GuiPackage: Updating current node Test Plan 
2017/04/24 14:13:23 DEBUG - jmeter.gui.GuiPackage: Gui retrieved = org.apache.jmeter.control.gui.TestPlanGui[Test Plan,0,0,1102x780,invalid,layout=java.awt.BorderLayout,alignmentX=0.0,alignmentY=0.0,border=javax.swing.border.EmptyBorder@2d572980,flags=9,maximumSize=,minimumSize=,preferredSize=] 
2017/04/24 14:13:23 DEBUG - jmeter.gui.AbstractJMeterGuiComponent: setting element to enabled: true 
2017/04/24 14:13:23 DEBUG - jmeter.gui.AbstractJMeterGuiComponent: setting element to enabled: true 
2017/04/24 14:13:23 DEBUG - jmeter.gui.GuiPackage: Gui retrieved = org.apache.jmeter.control.gui.TestPlanGui[Test Plan,0,0,1102x780,invalid,layout=java.awt.BorderLayout,alignmentX=0.0,alignmentY=0.0,border=javax.swing.border.EmptyBorder@2d572980,flags=9,maximumSize=,minimumSize=,preferredSize=] 
2017/04/24 14:13:23 DEBUG - jmeter.gui.GuiPackage: Updating current node Test Plan 
2017/04/24 14:13:23 DEBUG - jmeter.gui.GuiPackage: Gui retrieved = org.apache.jmeter.control.gui.TestPlanGui[Test Plan,0,0,1102x780,invalid,layout=java.awt.BorderLayout,alignmentX=0.0,alignmentY=0.0,border=javax.swing.border.EmptyBorder@2d572980,flags=9,maximumSize=,minimumSize=,preferredSize=] 
2017/04/24 14:13:23 DEBUG - jmeter.gui.AbstractJMeterGuiComponent: setting element to enabled: true 
2017/04/24 14:13:23 DEBUG - jmeter.gui.AbstractJMeterGuiComponent: setting element to enabled: true 
2017/04/24 14:13:23 DEBUG - jmeter.gui.GuiPackage: Gui retrieved = org.apache.jmeter.control.gui.TestPlanGui[Test Plan,0,0,1102x780,invalid,layout=java.awt.BorderLayout,alignmentX=0.0,alignmentY=0.0,border=javax.swing.border.EmptyBorder@2d572980,flags=9,maximumSize=,minimumSize=,preferredSize=] 
2017/04/24 14:13:23 DEBUG - jmeter.gui.GuiPackage: Updating gui to new node 
2017/04/24 14:13:23 DEBUG - jmeter.gui.GuiPackage: Gui retrieved = org.apache.jmeter.control.gui.TestPlanGui[Test Plan,0,0,1102x780,invalid,layout=java.awt.BorderLayout,alignmentX=0.0,alignmentY=0.0,border=javax.swing.border.EmptyBorder@2d572980,flags=9,maximumSize=,minimumSize=,preferredSize=] 
2017/04/24 14:13:23 DEBUG - jmeter.gui.GuiPackage: Updating current node Test Plan 
2017/04/24 14:13:23 DEBUG - jmeter.gui.GuiPackage: Gui retrieved = org.apache.jmeter.control.gui.TestPlanGui[Test Plan,0,0,1102x780,invalid,layout=java.awt.BorderLayout,alignmentX=0.0,alignmentY=0.0,border=javax.swing.border.EmptyBorder@2d572980,flags=9,maximumSize=,minimumSize=,preferredSize=] 
2017/04/24 14:13:23 DEBUG - jmeter.gui.AbstractJMeterGuiComponent: setting element to enabled: true 
2017/04/24 14:13:23 DEBUG - jmeter.gui.AbstractJMeterGuiComponent: setting element to enabled: true 
2017/04/24 14:13:23 DEBUG - jmeter.gui.GuiPackage: Gui retrieved = org.apache.jmeter.control.gui.TestPlanGui[Test Plan,0,0,1102x780,invalid,layout=java.awt.BorderLayout,alignmentX=0.0,alignmentY=0.0,border=javax.swing.border.EmptyBorder@2d572980,flags=9,maximumSize=,minimumSize=,preferredSize=] 
2017/04/24 14:13:23 DEBUG - jmeter.gui.GuiPackage: Updating gui to new node 
2017/04/24 14:13:35 DEBUG - jmeter.gui.GuiPackage: Updating current node Test Plan 
2017/04/24 14:13:35 DEBUG - jmeter.gui.GuiPackage: Gui retrieved = org.apache.jmeter.control.gui.TestPlanGui[Test Plan,0,0,1102x780,layout=java.awt.BorderLayout,alignmentX=0.0,alignmentY=0.0,border=javax.swing.border.EmptyBorder@2d572980,flags=9,maximumSize=,minimumSize=,preferredSize=] 
2017/04/24 14:13:35 DEBUG - jmeter.gui.AbstractJMeterGuiComponent: setting element to enabled: true 
2017/04/24 14:13:35 DEBUG - jmeter.gui.AbstractJMeterGuiComponent: setting element to enabled: true 
2017/04/24 14:13:35 DEBUG - jmeter.gui.GuiPackage: Gui retrieved = org.apache.jmeter.control.gui.TestPlanGui[Test Plan,0,0,1102x780,layout=java.awt.BorderLayout,alignmentX=0.0,alignmentY=0.0,border=javax.swing.border.EmptyBorder@2d572980,flags=9,maximumSize=,minimumSize=,preferredSize=] 
2017/04/24 14:14:26 DEBUG - jmeter.gui.GuiPackage: Updating current node Test Plan 
2017/04/24 14:14:26 DEBUG - jmeter.gui.GuiPackage: Gui retrieved = org.apache.jmeter.control.gui.TestPlanGui[Test Plan,0,0,1102x780,invalid,layout=java.awt.BorderLayout,alignmentX=0.0,alignmentY=0.0,border=javax.swing.border.EmptyBorder@2d572980,flags=9,maximumSize=,minimumSize=,preferredSize=] 
2017/04/24 14:14:26 DEBUG - jmeter.gui.AbstractJMeterGuiComponent: setting element to enabled: true 
2017/04/24 14:14:26 DEBUG - jmeter.gui.AbstractJMeterGuiComponent: setting element to enabled: true 
2017/04/24 14:14:26 DEBUG - jmeter.gui.GuiPackage: Gui retrieved = org.apache.jmeter.control.gui.TestPlanGui[Test Plan,0,0,1102x780,invalid,layout=java.awt.BorderLayout,alignmentX=0.0,alignmentY=0.0,border=javax.swing.border.EmptyBorder@2d572980,flags=9,maximumSize=,minimumSize=,preferredSize=] 
2017/04/24 15:34:08 DEBUG - jmeter.gui.GuiPackage: Updating current node Test Plan 
2017/04/24 15:34:08 DEBUG - jmeter.gui.GuiPackage: Gui retrieved = org.apache.jmeter.control.gui.TestPlanGui[Test Plan,0,0,1102x780,invalid,layout=java.awt.BorderLayout,alignmentX=0.0,alignmentY=0.0,border=javax.swing.border.EmptyBorder@2d572980,flags=9,maximumSize=,minimumSize=,preferredSize=] 
2017/04/24 15:34:08 DEBUG - jmeter.gui.AbstractJMeterGuiComponent: setting element to enabled: true 
2017/04/24 15:34:08 DEBUG - jmeter.gui.AbstractJMeterGuiComponent: setting element to enabled: true 
2017/04/24 15:34:08 DEBUG - jmeter.gui.GuiPackage: Gui retrieved = org.apache.jmeter.control.gui.TestPlanGui[Test Plan,0,0,1102x780,invalid,layout=java.awt.BorderLayout,alignmentX=0.0,alignmentY=0.0,border=javax.swing.border.EmptyBorder@2d572980,flags=9,maximumSize=,minimumSize=,preferredSize=] 
2017/04/24 15:34:08 DEBUG - jmeter.gui.action.CheckDirty: Node is class:class org.apache.jmeter.gui.tree.JMeterTreeNode 
2017/04/24 15:34:08 DEBUG - jmeter.gui.GuiPackage: Updating current node Test Plan 
2017/04/24 15:34:08 DEBUG - jmeter.gui.GuiPackage: Gui retrieved = org.apache.jmeter.control.gui.TestPlanGui[Test Plan,0,0,1102x780,invalid,layout=java.awt.BorderLayout,alignmentX=0.0,alignmentY=0.0,border=javax.swing.border.EmptyBorder@2d572980,flags=9,maximumSize=,minimumSize=,preferredSize=] 
2017/04/24 15:34:08 DEBUG - jmeter.gui.AbstractJMeterGuiComponent: setting element to enabled: true 
2017/04/24 15:34:08 DEBUG - jmeter.gui.AbstractJMeterGuiComponent: setting element to enabled: true 
2017/04/24 15:34:08 DEBUG - jmeter.gui.GuiPackage: Gui retrieved = org.apache.jmeter.control.gui.TestPlanGui[Test Plan,0,0,1102x780,invalid,layout=java.awt.BorderLayout,alignmentX=0.0,alignmentY=0.0,border=javax.swing.border.EmptyBorder@2d572980,flags=9,maximumSize=,minimumSize=,preferredSize=] 
2017/04/24 15:34:08 DEBUG - jmeter.gui.action.CheckDirty: Node is class:class org.apache.jmeter.gui.tree.JMeterTreeNode 
